2023-04-02 23:26:28.110139 - Initialized conversion of CBT322
2023-04-02 23:26:28.230245 - Received CBT.V504.FILE322.PDS from FILE322.XMI 
2023-04-02 23:26:28.233130 - Found $$$#DATE.txt (text/plain) in CBT.V504.FILE322.PDS, moved to PDS/$$$#DATE
2023-04-02 23:26:28.234504 - Found $DOCREXW.txt (text/plain) in CBT.V504.FILE322.PDS, moved to PDS/$DOCREXW
2023-04-02 23:26:28.235543 - Found $DOCSLEJ.txt (text/plain) in CBT.V504.FILE322.PDS, moved to PDS/$DOCSLEJ
2023-04-02 23:26:28.236656 - Found $DOCSLES.txt (text/plain) in CBT.V504.FILE322.PDS, moved to PDS/$DOCSLES
2023-04-02 23:26:28.237608 - Found $DOCSYSL.txt (text/plain) in CBT.V504.FILE322.PDS, moved to PDS/$DOCSYSL
2023-04-02 23:26:28.238494 - Found $DOCWAIT.txt (text/plain) in CBT.V504.FILE322.PDS, moved to PDS/$DOCWAIT
2023-04-02 23:26:28.239442 - Found @FILE322.txt (text/plain) in CBT.V504.FILE322.PDS, moved to PDS/@FILE322
2023-04-02 23:26:28.240364 - Found BACK.txt (text/plain) in CBT.V504.FILE322.PDS, moved to PDS/BACK
2023-04-02 23:26:28.241274 - Found BPXBATCH.txt (text/plain) in CBT.V504.FILE322.PDS, moved to PDS/BPXBATCH
2023-04-02 23:26:28.242170 - Found ENTER.txt (text/plain) in CBT.V504.FILE322.PDS, moved to PDS/ENTER
2023-04-02 23:26:28.243973 - Found ILBOWAT0.eml (message/rfc822), moved to CBT322/ILBOWAT0.eml
2023-04-02 23:26:28.245060 - Found OSPDUMP.txt (text/plain) in CBT.V504.FILE322.PDS, moved to PDS/OSPDUMP
2023-04-02 23:26:28.246085 - Found REXEXMPL.rexx (text/plain) in CBT.V504.FILE322.PDS, moved to PDS/REXEXMPL
2023-04-02 23:26:28.247024 - Found REXXWAIT.txt (text/plain) in CBT.V504.FILE322.PDS, moved to PDS/REXXWAIT
2023-04-02 23:26:28.248021 - Found SLEEPJ.txt (text/plain) in CBT.V504.FILE322.PDS, moved to PDS/SLEEPJ
2023-04-02 23:26:28.248977 - Found SLEEPR.rexx (text/plain) in CBT.V504.FILE322.PDS, moved to PDS/SLEEPR
2023-04-02 23:26:28.249906 - Found SLEEPR$.txt (text/plain) in CBT.V504.FILE322.PDS, moved to PDS/SLEEPR$
2023-04-02 23:26:28.250937 - Found SLEEPS.txt (text/plain) in CBT.V504.FILE322.PDS, moved to PDS/SLEEPS
2023-04-02 23:26:28.252189 - Found SYSSLEEP.txt (text/plain) in CBT.V504.FILE322.PDS, moved to PDS/SYSSLEEP
2023-04-02 23:26:28.253480 - Found TSOWAIT.txt (text/plain) in CBT.V504.FILE322.PDS, moved to PDS/TSOWAIT
